{"/Users/antonii/projects/spreadconnect-js-sdk/src/__mock__/order.ts": {"path":"/Users/antonii/projects/spreadconnect-js-sdk/src/__mock__/order.ts","statementMap":{"0":{"start":{"line":3,"column":31},"end":{"line":25,"column":1}},"1":{"start":{"line":27,"column":28},"end":{"line":32,"column":1}},"2":{"start":{"line":34,"column":61},"end":{"line":40,"column":1}},"3":{"start":{"line":42,"column":71},"end":{"line":50,"column":1}},"4":{"start":{"line":52,"column":84},"end":{"line":64,"column":1}}},"fnMap":{},"branchMap":{},"s":{"0":1,"1":1,"2":1,"3":1,"4":1},"f":{},"b":{},"_coverageSchema":"1a1c01bbd47fc00a2c39e90264f33305004495a9","hash":"d821170f50722e5ad482d787f1a29ef6e2e10aaa"}
,"/Users/antonii/projects/spreadconnect-js-sdk/src/api/orders-api.ts": {"path":"/Users/antonii/projects/spreadconnect-js-sdk/src/api/orders-api.ts","statementMap":{"0":{"start":{"line":15,"column":4},"end":{"line":15,"column":69}},"1":{"start":{"line":19,"column":4},"end":{"line":23,"column":6}},"2":{"start":{"line":27,"column":4},"end":{"line":27,"column":77}},"3":{"start":{"line":31,"column":4},"end":{"line":34,"column":6}},"4":{"start":{"line":38,"column":4},"end":{"line":41,"column":6}},"5":{"start":{"line":45,"column":4},"end":{"line":48,"column":6}},"6":{"start":{"line":52,"column":4},"end":{"line":55,"column":6}},"7":{"start":{"line":59,"column":4},"end":{"line":62,"column":6}}},"fnMap":{"0":{"name":"(anonymous_0)","decl":{"start":{"line":12,"column":2},"end":{"line":12,"column":3}},"loc":{"start":{"line":12,"column":42},"end":{"line":12,"column":44}},"line":12},"1":{"name":"(anonymous_1)","decl":{"start":{"line":14,"column":2},"end":{"line":14,"column":3}},"loc":{"start":{"line":14,"column":29},"end":{"line":16,"column":3}},"line":14},"2":{"name":"(anonymous_2)","decl":{"start":{"line":18,"column":2},"end":{"line":18,"column":3}},"loc":{"start":{"line":18,"column":46},"end":{"line":24,"column":3}},"line":18},"3":{"name":"(anonymous_3)","decl":{"start":{"line":26,"column":2},"end":{"line":26,"column":3}},"loc":{"start":{"line":26,"column":23},"end":{"line":28,"column":3}},"line":26},"4":{"name":"(anonymous_4)","decl":{"start":{"line":30,"column":2},"end":{"line":30,"column":3}},"loc":{"start":{"line":30,"column":27},"end":{"line":35,"column":3}},"line":30},"5":{"name":"(anonymous_5)","decl":{"start":{"line":37,"column":2},"end":{"line":37,"column":3}},"loc":{"start":{"line":37,"column":26},"end":{"line":42,"column":3}},"line":37},"6":{"name":"(anonymous_6)","decl":{"start":{"line":44,"column":2},"end":{"line":44,"column":3}},"loc":{"start":{"line":44,"column":48},"end":{"line":49,"column":3}},"line":44},"7":{"name":"(anonymous_7)","decl":{"start":{"line":51,"column":2},"end":{"line":51,"column":3}},"loc":{"start":{"line":51,"column":37},"end":{"line":56,"column":3}},"line":51},"8":{"name":"(anonymous_8)","decl":{"start":{"line":58,"column":2},"end":{"line":58,"column":3}},"loc":{"start":{"line":58,"column":33},"end":{"line":63,"column":3}},"line":58}},"branchMap":{},"s":{"0":1,"1":1,"2":1,"3":2,"4":2,"5":1,"6":1,"7":1},"f":{"0":10,"1":1,"2":1,"3":1,"4":2,"5":2,"6":1,"7":1,"8":1},"b":{},"_coverageSchema":"1a1c01bbd47fc00a2c39e90264f33305004495a9","hash":"047e099a4bcb230a3582e5ba7556d08c4239be15"}
,"/Users/antonii/projects/spreadconnect-js-sdk/src/endpoints/spod-endpoints.ts": {"path":"/Users/antonii/projects/spreadconnect-js-sdk/src/endpoints/spod-endpoints.ts","statementMap":{"0":{"start":{"line":7,"column":35},"end":{"line":7,"column":52}},"1":{"start":{"line":10,"column":29},"end":{"line":10,"column":40}},"2":{"start":{"line":11,"column":34},"end":{"line":11,"column":57}},"3":{"start":{"line":14,"column":27},"end":{"line":14,"column":36}},"4":{"start":{"line":15,"column":32},"end":{"line":15,"column":51}},"5":{"start":{"line":16,"column":41},"end":{"line":16,"column":74}},"6":{"start":{"line":17,"column":44},"end":{"line":17,"column":76}},"7":{"start":{"line":18,"column":34},"end":{"line":18,"column":61}},"8":{"start":{"line":19,"column":33},"end":{"line":19,"column":59}},"9":{"start":{"line":20,"column":36},"end":{"line":20,"column":65}},"10":{"start":{"line":24,"column":4},"end":{"line":24,"column":48}},"11":{"start":{"line":26,"column":4},"end":{"line":26,"column":48}},"12":{"start":{"line":28,"column":4},"end":{"line":28,"column":46}},"13":{"start":{"line":31,"column":34},"end":{"line":31,"column":50}},"14":{"start":{"line":32,"column":39},"end":{"line":32,"column":72}},"15":{"start":{"line":35,"column":34},"end":{"line":35,"column":49}},"16":{"start":{"line":36,"column":39},"end":{"line":36,"column":70}},"17":{"start":{"line":38,"column":4},"end":{"line":38,"column":46}},"18":{"start":{"line":41,"column":27},"end":{"line":41,"column":35}},"19":{"start":{"line":42,"column":33},"end":{"line":42,"column":47}}},"fnMap":{},"branchMap":{},"s":{"0":1,"1":1,"2":1,"3":1,"4":1,"5":1,"6":1,"7":1,"8":1,"9":1,"10":1,"11":1,"12":1,"13":1,"14":1,"15":1,"16":1,"17":1,"18":1,"19":1},"f":{},"b":{},"_coverageSchema":"1a1c01bbd47fc00a2c39e90264f33305004495a9","hash":"3fb5572b9bd69ac6dc68e324727cc9221ebf0182"}
,"/Users/antonii/projects/spreadconnect-js-sdk/src/http/http-client.ts": {"path":"/Users/antonii/projects/spreadconnect-js-sdk/src/http/http-client.ts","statementMap":{"0":{"start":{"line":16,"column":14},"end":{"line":16,"column":33}},"1":{"start":{"line":17,"column":4},"end":{"line":19,"column":5}},"2":{"start":{"line":18,"column":6},"end":{"line":18,"column":46}},"3":{"start":{"line":20,"column":19},"end":{"line":27,"column":6}},"4":{"start":{"line":29,"column":17},"end":{"line":29,"column":36}},"5":{"start":{"line":30,"column":30},"end":{"line":30,"column":39}},"6":{"start":{"line":31,"column":4},"end":{"line":33,"column":14}},"7":{"start":{"line":32,"column":6},"end":{"line":32,"column":49}},"8":{"start":{"line":34,"column":4},"end":{"line":38,"column":6}}},"fnMap":{"0":{"name":"(anonymous_0)","decl":{"start":{"line":5,"column":2},"end":{"line":5,"column":3}},"loc":{"start":{"line":8,"column":4},"end":{"line":8,"column":6}},"line":8},"1":{"name":"(anonymous_1)","decl":{"start":{"line":10,"column":2},"end":{"line":10,"column":3}},"loc":{"start":{"line":15,"column":29},"end":{"line":39,"column":3}},"line":15}},"branchMap":{"0":{"loc":{"start":{"line":17,"column":4},"end":{"line":19,"column":5}},"type":"if","locations":[{"start":{"line":17,"column":4},"end":{"line":19,"column":5}},{"start":{},"end":{}}],"line":17},"1":{"loc":{"start":{"line":17,"column":8},"end":{"line":17,"column":58}},"type":"binary-expr","locations":[{"start":{"line":17,"column":8},"end":{"line":17,"column":19}},{"start":{"line":17,"column":23},"end":{"line":17,"column":58}}],"line":17},"2":{"loc":{"start":{"line":26,"column":12},"end":{"line":26,"column":51}},"type":"cond-expr","locations":[{"start":{"line":26,"column":19},"end":{"line":26,"column":39}},{"start":{"line":26,"column":42},"end":{"line":26,"column":51}}],"line":26},"3":{"loc":{"start":{"line":32,"column":13},"end":{"line":32,"column":48}},"type":"cond-expr","locations":[{"start":{"line":32,"column":20},"end":{"line":32,"column":36}},{"start":{"line":32,"column":39},"end":{"line":32,"column":48}}],"line":32}},"s":{"0":0,"1":0,"2":0,"3":0,"4":0,"5":0,"6":0,"7":0,"8":0},"f":{"0":0,"1":0},"b":{"0":[0,0],"1":[0,0],"2":[0,0],"3":[0,0]},"_coverageSchema":"1a1c01bbd47fc00a2c39e90264f33305004495a9","hash":"3cf39f6236ec83f0d45d865ff87b7b5709eaa848"}
,"/Users/antonii/projects/spreadconnect-js-sdk/src/utils/query-string.ts": {"path":"/Users/antonii/projects/spreadconnect-js-sdk/src/utils/query-string.ts","statementMap":{"0":{"start":{"line":2,"column":14},"end":{"line":2,"column":32}},"1":{"start":{"line":3,"column":2},"end":{"line":6,"column":15}},"2":{"start":{"line":4,"column":24},"end":{"line":4,"column":53}},"3":{"start":{"line":5,"column":21},"end":{"line":5,"column":42}}},"fnMap":{"0":{"name":"toQueryString","decl":{"start":{"line":1,"column":16},"end":{"line":1,"column":29}},"loc":{"start":{"line":1,"column":67},"end":{"line":7,"column":1}},"line":1},"1":{"name":"(anonymous_1)","decl":{"start":{"line":4,"column":12},"end":{"line":4,"column":13}},"loc":{"start":{"line":4,"column":24},"end":{"line":4,"column":53}},"line":4},"2":{"name":"(anonymous_2)","decl":{"start":{"line":5,"column":9},"end":{"line":5,"column":10}},"loc":{"start":{"line":5,"column":21},"end":{"line":5,"column":42}},"line":5}},"branchMap":{"0":{"loc":{"start":{"line":4,"column":24},"end":{"line":4,"column":53}},"type":"binary-expr","locations":[{"start":{"line":4,"column":24},"end":{"line":4,"column":39}},{"start":{"line":4,"column":43},"end":{"line":4,"column":53}}],"line":4}},"s":{"0":0,"1":0,"2":0,"3":0},"f":{"0":0,"1":0,"2":0},"b":{"0":[0,0]},"_coverageSchema":"1a1c01bbd47fc00a2c39e90264f33305004495a9","hash":"4ea4664b2f05e186c2a210fe07ad5a90fc21a7df"}
}
