TN:
SF:src/__mock__/order.ts
FNF:0
FNH:0
DA:3,1
DA:27,1
DA:34,1
DA:42,1
DA:52,1
LF:5
LH:5
BRF:0
BRH:0
end_of_record
TN:
SF:src/api/orders-api.ts
FN:12,(anonymous_0)
FN:14,(anonymous_1)
FN:18,(anonymous_2)
FN:26,(anonymous_3)
FN:30,(anonymous_4)
FN:37,(anonymous_5)
FN:44,(anonymous_6)
FN:51,(anonymous_7)
FN:58,(anonymous_8)
FNF:9
FNH:9
FNDA:10,(anonymous_0)
FNDA:1,(anonymous_1)
FNDA:1,(anonymous_2)
FNDA:1,(anonymous_3)
FNDA:2,(anonymous_4)
FNDA:2,(anonymous_5)
FNDA:1,(anonymous_6)
FNDA:1,(anonymous_7)
FNDA:1,(anonymous_8)
DA:15,1
DA:19,1
DA:27,1
DA:31,2
DA:38,2
DA:45,1
DA:52,1
DA:59,1
LF:8
LH:8
BRF:0
BRH:0
end_of_record
TN:
SF:src/endpoints/spod-endpoints.ts
FNF:0
FNH:0
DA:7,1
DA:10,1
DA:11,1
DA:14,1
DA:15,1
DA:16,1
DA:17,1
DA:18,1
DA:19,1
DA:20,1
DA:24,1
DA:26,1
DA:28,1
DA:31,1
DA:32,1
DA:35,1
DA:36,1
DA:38,1
DA:41,1
DA:42,1
LF:20
LH:20
BRF:0
BRH:0
end_of_record
TN:
SF:src/http/http-client.ts
FN:5,(anonymous_0)
FN:10,(anonymous_1)
FNF:2
FNH:0
FNDA:0,(anonymous_0)
FNDA:0,(anonymous_1)
DA:16,0
DA:17,0
DA:18,0
DA:20,0
DA:29,0
DA:30,0
DA:31,0
DA:32,0
DA:34,0
LF:9
LH:0
BRDA:17,0,0,0
BRDA:17,0,1,0
BRDA:17,1,0,0
BRDA:17,1,1,0
BRDA:26,2,0,0
BRDA:26,2,1,0
BRDA:32,3,0,0
BRDA:32,3,1,0
BRF:8
BRH:0
end_of_record
TN:
SF:src/utils/query-string.ts
FN:1,toQueryString
FN:4,(anonymous_1)
FN:5,(anonymous_2)
FNF:3
FNH:0
FNDA:0,toQueryString
FNDA:0,(anonymous_1)
FNDA:0,(anonymous_2)
DA:2,0
DA:3,0
DA:4,0
DA:5,0
LF:4
LH:0
BRDA:4,0,0,0
BRDA:4,0,1,0
BRF:2
BRH:0
end_of_record
